<?xml version="1.0" encoding="UTF-8"?>
<!-- Generated by org.testng.reporters.JUnitXMLReporter -->
<testsuite ignored="0" hostname="NADSUM" failures="0" tests="4" name="Default test" time="0.072" errors="0" timestamp="2022-10-21T22:36:58 IST">
  <testcase classname="twoPointer_String.RemovePalindromeSubsequence" name="example1" time="0.013"/>
  <testcase classname="twoPointer_String.RemovePalindromeSubsequence" name="example2" time="0.002"/>
  <testcase classname="twoPointer_String.RemovePalindromeSubsequence" name="example3" time="0.002"/>
  <testcase classname="twoPointer_String.RemovePalindromeSubsequence" name="example4" time="0.001"/>
</testsuite> <!-- Default test -->
