<?xml version="1.0" encoding="UTF-8"?>
<testng-results ignored="0" total="4" passed="4" failed="0" skipped="0">
  <reporter-output>
  </reporter-output>
  <suite started-at="2022-10-21T22:36:58 IST" name="Default suite" finished-at="2022-10-21T22:36:58 IST" duration-ms="72">
    <groups>
    </groups>
    <test started-at="2022-10-21T22:36:58 IST" name="Default test" finished-at="2022-10-21T22:36:58 IST" duration-ms="72">
      <class name="twoPointer_String.RemovePalindromeSubsequence">
        <test-method signature="example1()[pri:0, instance:twoPointer_String.RemovePalindromeSubsequence@e1de817]" started-at="2022-10-21T22:36:58 IST" name="example1" finished-at="2022-10-21T22:36:58 IST" duration-ms="13" status="PASS">
          <reporter-output>
          </reporter-output>
        </test-method> <!-- example1 -->
        <test-method signature="example2()[pri:0, instance:twoPointer_String.RemovePalindromeSubsequence@e1de817]" started-at="2022-10-21T22:36:58 IST" name="example2" finished-at="2022-10-21T22:36:58 IST" duration-ms="2" status="PASS">
          <reporter-output>
          </reporter-output>
        </test-method> <!-- example2 -->
        <test-method signature="example3()[pri:0, instance:twoPointer_String.RemovePalindromeSubsequence@e1de817]" started-at="2022-10-21T22:36:58 IST" name="example3" finished-at="2022-10-21T22:36:58 IST" duration-ms="2" status="PASS">
          <reporter-output>
          </reporter-output>
        </test-method> <!-- example3 -->
        <test-method signature="example4()[pri:0, instance:twoPointer_String.RemovePalindromeSubsequence@e1de817]" started-at="2022-10-21T22:36:58 IST" name="example4" finished-at="2022-10-21T22:36:58 IST" duration-ms="1" status="PASS">
          <reporter-output>
          </reporter-output>
        </test-method> <!-- example4 -->
      </class> <!-- twoPointer_String.RemovePalindromeSubsequence -->
    </test> <!-- Default test -->
  </suite> <!-- Default suite -->
</testng-results>
